Using pre-set license
Built from '2020.3/staging' branch; Version is '2020.3.0f1 (c7b5465681fb) revision 13088070'; Using compiler version '192528614'; Build Type 'Release'
OS: 'Windows 10 Education; OS build 17763.1879; Version 1809; 64bit' Language: 'en' Physical Memory: 32694 MB
BatchMode: 1, IsHumanControllingUs: 0, StartBugReporterOnCrash: 0, Is64bit: 1, IsPro: 0

 COMMAND LINE ARGUMENTS:
C:\Program Files\Unity\Hub\Editor\2020.3.0f1\Editor\Unity.exe
-adb2
-batchMode
-noUpm
-name
AssetImportWorker0
-projectPath
C:/Users/Michael Ting/Documents/GitHub/ProceduralPlanetGeneration/Carleton Honours Project
-logFile
Logs/AssetImportWorker0.log
-srvPort
62209
Successfully changed project path to: C:/Users/Michael Ting/Documents/GitHub/ProceduralPlanetGeneration/Carleton Honours Project
C:/Users/Michael Ting/Documents/GitHub/ProceduralPlanetGeneration/Carleton Honours Project
Using Asset Import Pipeline V2.
Refreshing native plugins compatible for Editor in 28.18 ms, found 0 plugins.
Preloading 0 native plugins for Editor in 0.00 ms.
Initialize engine version: 2020.3.0f1 (c7b5465681fb)
[Subsystems] Discovering subsystems at path C:/Program Files/Unity/Hub/Editor/2020.3.0f1/Editor/Data/Resources/UnitySubsystems
[Subsystems] Discovering subsystems at path C:/Users/Michael Ting/Documents/GitHub/ProceduralPlanetGeneration/Carleton Honours Project/Assets
GfxDevice: creating device client; threaded=0
Direct3D:
    Version:  Direct3D 11.0 [level 11.1]
    Renderer: NVIDIA GeForce GTX 1070 (ID=0x1b81)
    Vendor:   
    VRAM:     8088 MB
    Driver:   27.21.14.6611
Shader 'Universal Render Pipeline/Particles/Lit': fallback shader 'Universal Render Pipeline/Particles/SimpleLit' not found
Initialize mono
Mono path[0] = 'C:/Program Files/Unity/Hub/Editor/2020.3.0f1/Editor/Data/Managed'
Mono path[1] = 'C:/Program Files/Unity/Hub/Editor/2020.3.0f1/Editor/Data/MonoBleedingEdge/lib/mono/unityjit'
Mono config path = 'C:/Program Files/Unity/Hub/Editor/2020.3.0f1/Editor/Data/MonoBleedingEdge/etc'
Using monoOptions --debugger-agent=transport=dt_socket,embedding=1,server=y,suspend=n,address=127.0.0.1:56524
Begin MonoManager ReloadAssembly
Registering precompiled unity dll's ...
Register platform support module: C:/Program Files/Unity/Hub/Editor/2020.3.0f1/Editor/Data/PlaybackEngines/WindowsStandaloneSupport/UnityEditor.WindowsStandalone.Extensions.dll
Registered in 0.001464 seconds.
Native extension for WindowsStandalone target not found
Refreshing native plugins compatible for Editor in 28.88 ms, found 0 plugins.
Preloading 0 native plugins for Editor in 0.00 ms.
Invoked RoslynAnalysisRunner static constructor.
RoslynAnalysisRunner will not be running.
RoslynAnalysisRunner has terminated.
Mono: successfully reloaded assembly
- Completed reload, in  0.794 seconds
Platform modules already initialized, skipping
Registering precompiled user dll's ...
Registered in 0.001204 seconds.
Begin MonoManager ReloadAssembly
Native extension for WindowsStandalone target not found
Refreshing native plugins compatible for Editor in 29.62 ms, found 0 plugins.
Preloading 0 native plugins for Editor in 0.00 ms.
Invoked RoslynAnalysisRunner static constructor.
RoslynAnalysisRunner will not be running.
RoslynAnalysisRunner has terminated.
Mono: successfully reloaded assembly
- Completed reload, in  0.589 seconds
Platform modules already initialized, skipping
========================================================================
Worker process is ready to serve import requests
Shader 'Universal Render Pipeline/Particles/Lit': fallback shader 'Universal Render Pipeline/Particles/SimpleLit' not found
Launched and connected shader compiler UnityShaderCompiler.exe after 0.05 seconds
Refreshing native plugins compatible for Editor in 0.35 ms, found 0 plugins.
Preloading 0 native plugins for Editor in 0.00 ms.
Unloading 2452 Unused Serialized files (Serialized files now loaded: 0)
System memory in use before: 118.4 MB.
System memory in use after: 118.6 MB.

Unloading 10 unused Assets to reduce memory usage. Loaded Objects now: 2899.
Total: 1.571500 ms (FindLiveObjects: 0.209200 ms CreateObjectMapping: 0.050100 ms MarkObjects: 1.264800 ms  DeleteObjects: 0.046800 ms)

========================================================================
Received Import Request.
  path: Assets/Real Stars Skybox/StarSkybox04Named/StarSkybox04Named.mat
  artifactKey: Guid(50e26aed28714894cb49da25901379b9) Importer(815301076,1909f56bfc062723c751e8b465ee728b)
Start importing Assets/Real Stars Skybox/StarSkybox04Named/StarSkybox04Named.mat using Guid(50e26aed28714894cb49da25901379b9) Importer(815301076,1909f56bfc062723c751e8b465ee728b)  -> (artifact id: 'e09f12510915c642cb041f860a4bb3b8') in 0.205203 seconds
  Import took 0.210420 seconds .

========================================================================
Received Import Request.
  Time since last request: 0.000300 seconds.
  path: Assets/Real Stars Skybox/StarSkybox04NamedConstell/StarSkybox04NamedConstell3.png
  artifactKey: Guid(9cd21000384bca14bbac1e6d1c07063d) Importer(815301076,1909f56bfc062723c751e8b465ee728b)
Start importing Assets/Real Stars Skybox/StarSkybox04NamedConstell/StarSkybox04NamedConstell3.png using Guid(9cd21000384bca14bbac1e6d1c07063d) Importer(815301076,1909f56bfc062723c751e8b465ee728b)  -> (artifact id: '6bc23be89d660284bedaa96ca714e220') in 0.046913 seconds
  Import took 0.051736 seconds .

========================================================================
Received Import Request.
  Time since last request: 0.000273 seconds.
  path: Assets/Real Stars Skybox/StarSkybox04NamedConstell/StarSkybox04NamedConstell6.png
  artifactKey: Guid(8618acc75ce91dc4494071915deab9c0) Importer(815301076,1909f56bfc062723c751e8b465ee728b)
Start importing Assets/Real Stars Skybox/StarSkybox04NamedConstell/StarSkybox04NamedConstell6.png using Guid(8618acc75ce91dc4494071915deab9c0) Importer(815301076,1909f56bfc062723c751e8b465ee728b)  -> (artifact id: '65028529437d49a938cf6a5a3425a4c7') in 0.011213 seconds
  Import took 0.015305 seconds .

========================================================================
Received Import Request.
  Time since last request: 0.000259 seconds.
  path: Assets/Real Stars Skybox/StarSkybox04Named/StarSkybox04Named2.png
  artifactKey: Guid(cc26d520115a6a547b7be689f90fb8f2) Importer(815301076,1909f56bfc062723c751e8b465ee728b)
Start importing Assets/Real Stars Skybox/StarSkybox04Named/StarSkybox04Named2.png using Guid(cc26d520115a6a547b7be689f90fb8f2) Importer(815301076,1909f56bfc062723c751e8b465ee728b)  -> (artifact id: '64fe72f01958817a810a114aa1575f49') in 0.006796 seconds
  Import took 0.010430 seconds .

========================================================================
Received Import Request.
  Time since last request: 0.000266 seconds.
  path: Assets/Real Stars Skybox/StarSkybox04Named/CubemapStarsNamed.cubemap
  artifactKey: Guid(ec138a587ef5adc488cf01a681a9e4c2) Importer(815301076,1909f56bfc062723c751e8b465ee728b)
Start importing Assets/Real Stars Skybox/StarSkybox04Named/CubemapStarsNamed.cubemap using Guid(ec138a587ef5adc488cf01a681a9e4c2) Importer(815301076,1909f56bfc062723c751e8b465ee728b)  -> (artifact id: 'f84ca17800771057f8aec3942def06ba') in 2.011590 seconds
  Import took 2.021107 seconds .

========================================================================
Received Import Request.
  Time since last request: 0.000356 seconds.
  path: Assets/Real Stars Skybox/StarSkybox04Named/StarSkybox04Named3.png
  artifactKey: Guid(a2b03e4b2c0f0ed4b9646579fbdc3f2e) Importer(815301076,1909f56bfc062723c751e8b465ee728b)
Start importing Assets/Real Stars Skybox/StarSkybox04Named/StarSkybox04Named3.png using Guid(a2b03e4b2c0f0ed4b9646579fbdc3f2e) Importer(815301076,1909f56bfc062723c751e8b465ee728b)  -> (artifact id: 'fa06a9b8e12b59c7272259ef20a82b74') in 0.007026 seconds
  Import took 0.011626 seconds .

========================================================================
Received Import Request.
  Time since last request: 0.000299 seconds.
  path: Assets/Real Stars Skybox/StarSkybox04NamedConstell/StarSkybox04NamedConstell2.png
  artifactKey: Guid(daee3db1a1d3c3346bfe8c6ae1577d09) Importer(815301076,1909f56bfc062723c751e8b465ee728b)
Start importing Assets/Real Stars Skybox/StarSkybox04NamedConstell/StarSkybox04NamedConstell2.png using Guid(daee3db1a1d3c3346bfe8c6ae1577d09) Importer(815301076,1909f56bfc062723c751e8b465ee728b)  -> (artifact id: 'd659f0f6088ba534dfff80085bc9bb05') in 0.011877 seconds
  Import took 0.015660 seconds .

========================================================================
Received Import Request.
  Time since last request: 0.000277 seconds.
  path: Assets/Real Stars Skybox/StarSkybox04NamedConstell/CubemapStarsNamedConstellations.cubemap
  artifactKey: Guid(f57e241cdb19d3c4788594fdd1e24c73) Importer(815301076,1909f56bfc062723c751e8b465ee728b)
Start importing Assets/Real Stars Skybox/StarSkybox04NamedConstell/CubemapStarsNamedConstellations.cubemap using Guid(f57e241cdb19d3c4788594fdd1e24c73) Importer(815301076,1909f56bfc062723c751e8b465ee728b)  -> (artifact id: '3a3d5065339db0e0aa612781044109dd') in 1.979690 seconds
  Import took 1.989480 seconds .

========================================================================
Received Import Request.
  Time since last request: 0.000345 seconds.
  path: Assets/Real Stars Skybox/StarSkybox04NamedConstell/StarSkybox04NamedConstell4.png
  artifactKey: Guid(a286e1629b6f5414d8cc5f6f27dbc131) Importer(815301076,1909f56bfc062723c751e8b465ee728b)
Start importing Assets/Real Stars Skybox/StarSkybox04NamedConstell/StarSkybox04NamedConstell4.png using Guid(a286e1629b6f5414d8cc5f6f27dbc131) Importer(815301076,1909f56bfc062723c751e8b465ee728b)  -> (artifact id: '31f6122a87394870337d6a9b691c5746') in 0.011268 seconds
  Import took 0.015656 seconds .

========================================================================
Received Import Request.
  Time since last request: 0.000283 seconds.
  path: Assets/Real Stars Skybox/StarSkybox04Named/StarSkybox04Named1.png
  artifactKey: Guid(1b5491d7d8c0c684a8d4827a8473b1d5) Importer(815301076,1909f56bfc062723c751e8b465ee728b)
Start importing Assets/Real Stars Skybox/StarSkybox04Named/StarSkybox04Named1.png using Guid(1b5491d7d8c0c684a8d4827a8473b1d5) Importer(815301076,1909f56bfc062723c751e8b465ee728b)  -> (artifact id: '5ad7b1f0a184d886195b5bce1766cad9') in 0.008268 seconds
  Import took 0.012465 seconds .

========================================================================
Received Import Request.
  Time since last request: 0.000312 seconds.
  path: Assets/Real Stars Skybox/StarSkybox04Named/StarSkybox04Named6.png
  artifactKey: Guid(3169cbab7bd82fb4e889ad1d3f30ddc1) Importer(815301076,1909f56bfc062723c751e8b465ee728b)
Start importing Assets/Real Stars Skybox/StarSkybox04Named/StarSkybox04Named6.png using Guid(3169cbab7bd82fb4e889ad1d3f30ddc1) Importer(815301076,1909f56bfc062723c751e8b465ee728b)  -> (artifact id: '690b9aa1f09d3c62859080804d4c749d') in 0.010230 seconds
  Import took 0.014724 seconds .

========================================================================
Received Import Request.
  Time since last request: 0.000317 seconds.
  path: Assets/Real Stars Skybox/StarSkybox04NamedConstell/StarSkybox04NamedConstell.mat
  artifactKey: Guid(281ddd71b990ce9449efecec53925061) Importer(815301076,1909f56bfc062723c751e8b465ee728b)
Start importing Assets/Real Stars Skybox/StarSkybox04NamedConstell/StarSkybox04NamedConstell.mat using Guid(281ddd71b990ce9449efecec53925061) Importer(815301076,1909f56bfc062723c751e8b465ee728b)  -> (artifact id: '5fbd5340e30e0761060dcb707d01b563') in 0.021983 seconds
  Import took 0.026570 seconds .

========================================================================
Received Import Request.
  Time since last request: 0.000279 seconds.
  path: Assets/Real Stars Skybox/StarSkybox04NamedConstell/StarSkybox04NamedConstell5.png
  artifactKey: Guid(e2f3c15f1dd8f4d40b0dc5815e0a17e7) Importer(815301076,1909f56bfc062723c751e8b465ee728b)
Start importing Assets/Real Stars Skybox/StarSkybox04NamedConstell/StarSkybox04NamedConstell5.png using Guid(e2f3c15f1dd8f4d40b0dc5815e0a17e7) Importer(815301076,1909f56bfc062723c751e8b465ee728b)  -> (artifact id: 'ac0c8e9d913ab4fb59e007e8ce3ecaa1') in 0.006692 seconds
  Import took 0.011220 seconds .

========================================================================
Received Import Request.
  Time since last request: 0.000262 seconds.
  path: Assets/Real Stars Skybox/StarSkybox04NamedConstell/StarSkybox04NamedConstell1.png
  artifactKey: Guid(14dc5b7e061db634287a9d257530bb56) Importer(815301076,1909f56bfc062723c751e8b465ee728b)
Start importing Assets/Real Stars Skybox/StarSkybox04NamedConstell/StarSkybox04NamedConstell1.png using Guid(14dc5b7e061db634287a9d257530bb56) Importer(815301076,1909f56bfc062723c751e8b465ee728b)  -> (artifact id: 'a9c4ceac59af0e67c9a1b3df2ac36fbd') in 0.006082 seconds
  Import took 0.009876 seconds .

========================================================================
Received Import Request.
  Time since last request: 0.000312 seconds.
  path: Assets/Real Stars Skybox/StarSkybox04Named/StarSkybox04Named5.png
  artifactKey: Guid(5a335a020961242499ce58f2b87ea0d5) Importer(815301076,1909f56bfc062723c751e8b465ee728b)
Start importing Assets/Real Stars Skybox/StarSkybox04Named/StarSkybox04Named5.png using Guid(5a335a020961242499ce58f2b87ea0d5) Importer(815301076,1909f56bfc062723c751e8b465ee728b)  -> (artifact id: '0f4aac920fa6724c79c2771c1266d4fa') in 0.006444 seconds
  Import took 0.010206 seconds .

========================================================================
Received Import Request.
  Time since last request: 0.000287 seconds.
  path: Assets/Real Stars Skybox/StarSkybox04Named/StarSkybox04Named4.png
  artifactKey: Guid(f479446fdaba63147be06b118936fde0) Importer(815301076,1909f56bfc062723c751e8b465ee728b)
Start importing Assets/Real Stars Skybox/StarSkybox04Named/StarSkybox04Named4.png using Guid(f479446fdaba63147be06b118936fde0) Importer(815301076,1909f56bfc062723c751e8b465ee728b)  -> (artifact id: 'e9ac89b37281ab5c680535a2a7050309') in 0.006650 seconds
  Import took 0.010731 seconds .

========================================================================
Received Import Request.
  Time since last request: 0.000296 seconds.
  path: Assets/Real Stars Skybox/Demo Scene/Documentation.txt
  artifactKey: Guid(476a9587e4967394ca2db1925a05b2e1) Importer(815301076,1909f56bfc062723c751e8b465ee728b)
Start importing Assets/Real Stars Skybox/Demo Scene/Documentation.txt using Guid(476a9587e4967394ca2db1925a05b2e1) Importer(815301076,1909f56bfc062723c751e8b465ee728b)  -> (artifact id: 'b857aff25a5a19d36c1202fdb6f518bf') in 0.006042 seconds
  Import took 0.010313 seconds .

========================================================================
Received Import Request.
  Time since last request: 1.847390 seconds.
  path: Assets/Real Stars Skybox/Demo Scene/Skybox Camera.prefab
  artifactKey: Guid(ebbd32dcb8045dc4f82118fac564ad52) Importer(815301076,1909f56bfc062723c751e8b465ee728b)
Start importing Assets/Real Stars Skybox/Demo Scene/Skybox Camera.prefab using Guid(ebbd32dcb8045dc4f82118fac564ad52) Importer(815301076,1909f56bfc062723c751e8b465ee728b)  -> (artifact id: '695e38c316bc254f0f9fb4220b510a07') in 0.010690 seconds
  Import took 0.014768 seconds .

========================================================================
Received Import Request.
  Time since last request: 0.597654 seconds.
  path: Assets/Real Stars Skybox/Demo Scene/RealStarsSkyboxFreeAsset.unity
  artifactKey: Guid(b635d732dea14f34db5c763863730a04) Importer(815301076,1909f56bfc062723c751e8b465ee728b)
Start importing Assets/Real Stars Skybox/Demo Scene/RealStarsSkyboxFreeAsset.unity using Guid(b635d732dea14f34db5c763863730a04) Importer(815301076,1909f56bfc062723c751e8b465ee728b)  -> (artifact id: '3346aed8fcc97b6f338514c751431ea2') in 0.003058 seconds
  Import took 0.007316 seconds .

========================================================================
Received Prepare
Registering precompiled user dll's ...
Registered in 0.001190 seconds.
Begin MonoManager ReloadAssembly
Native extension for WindowsStandalone target not found
Refreshing native plugins compatible for Editor in 0.37 ms, found 0 plugins.
Preloading 0 native plugins for Editor in 0.00 ms.
Invoked RoslynAnalysisRunner static constructor.
RoslynAnalysisRunner will not be running.
RoslynAnalysisRunner has terminated.
Mono: successfully reloaded assembly
- Completed reload, in  0.562 seconds
Platform modules already initialized, skipping
Shader 'Universal Render Pipeline/Particles/Lit': fallback shader 'Universal Render Pipeline/Particles/SimpleLit' not found
Refreshing native plugins compatible for Editor in 0.36 ms, found 0 plugins.
Preloading 0 native plugins for Editor in 0.00 ms.
Unloading 2338 Unused Serialized files (Serialized files now loaded: 0)
System memory in use before: 117.6 MB.
System memory in use after: 117.9 MB.

Unloading 5 unused Assets to reduce memory usage. Loaded Objects now: 2983.
Total: 1.557400 ms (FindLiveObjects: 0.218200 ms CreateObjectMapping: 0.058300 ms MarkObjects: 1.268100 ms  DeleteObjects: 0.012100 ms)

